14-Mar-2024 11:36:12.386 SEVERE [http-nio-8083-exec-6] org.apache.catalina.core.StandardWrapperValve.invoke Servlet.service() for servlet [jsp] in context with path [] threw exception [An exception occurred processing [/viewusers.jsp] at line [25]

22: <table border="1" width="90%">
23: <tr><th>Id</th><th>Name</th><th>Password</th><th>Email</th><th>Sex</th><th>Country</th><th>Edit</th><th>Delete</th></tr>
24: <c:forEach items="${list}" var="u">
25: 	<tr><td>${u.getId()}</td><td>${u.getName()}</td><td>${u.getPassword()}</td><td>${u.getEmail()}</td><td>${u.getSex()}</td><td>${u.getCountry()}</td><td><a href="editform.jsp?id=${u.getId()}">Edit</a></td><td><a href="deleteuser.jsp?id=${u.getId()}">Delete</a></td></tr>
26: </c:forEach>
27: </table>
28: <br/><a href="adduserform.jsp">Add New User</a>


Stacktrace:] with root cause
	javax.el.MethodNotFoundException: Method not found: class javatpoint.bean.User.getSex()
		at javax.el.Util.findWrapper(Util.java:388)
		at javax.el.Util.findMethod(Util.java:232)
		at javax.el.BeanELResolver.invoke(BeanELResolver.java:145)
		at org.apache.jasper.el.JasperELResolver.invoke(JasperELResolver.java:163)
		at org.apache.el.parser.AstValue.getValue(AstValue.java:158)
		at org.apache.el.ValueExpressionImpl.getValue(ValueExpressionImpl.java:189)
		at org.apache.jasper.runtime.PageContextImpl.proprietaryEvaluate(PageContextImpl.java:690)
		at org.apache.jsp.viewusers_jsp._jspx_meth_c_005fforEach_005f0(viewusers_jsp.java:212)
		at org.apache.jsp.viewusers_jsp._jspService(viewusers_jsp.java:156)
		at org.apache.jasper.runtime.HttpJspBase.service(HttpJspBase.java:70)
		at javax.servlet.http.HttpServlet.service(HttpServlet.java:623)
		at org.apache.jasper.servlet.JspServletWrapper.service(JspServletWrapper.java:466)
		at org.apache.jasper.servlet.JspServlet.serviceJspFile(JspServlet.java:379)
		at org.apache.jasper.servlet.JspServlet.service(JspServlet.java:327)
		at javax.servlet.http.HttpServlet.service(HttpServlet.java:623)
		at org.apache.catalina.core.ApplicationFilterChain.internalDoFilter(ApplicationFilterChain.java:209)
		at org.apache.catalina.core.ApplicationFilterChain.doFilter(ApplicationFilterChain.java:153)
		at org.apache.tomcat.websocket.server.WsFilter.doFilter(WsFilter.java:51)
		at org.apache.catalina.core.ApplicationFilterChain.internalDoFilter(ApplicationFilterChain.java:178)
		at org.apache.catalina.core.ApplicationFilterChain.doFilter(ApplicationFilterChain.java:153)
		at org.apache.catalina.core.StandardWrapperValve.invoke(StandardWrapperValve.java:168)
		at org.apache.catalina.core.StandardContextValve.invoke(StandardContextValve.java:90)
		at org.apache.catalina.authenticator.AuthenticatorBase.invoke(AuthenticatorBase.java:481)
		at org.apache.catalina.core.StandardHostValve.invoke(StandardHostValve.java:130)
		at org.apache.catalina.valves.ErrorReportValve.invoke(ErrorReportValve.java:93)
		at org.apache.catalina.valves.AbstractAccessLogValve.invoke(AbstractAccessLogValve.java:670)
		at org.apache.catalina.core.StandardEngineValve.invoke(StandardEngineValve.java:74)
		at org.apache.catalina.connector.CoyoteAdapter.service(CoyoteAdapter.java:342)
		at org.apache.coyote.http11.Http11Processor.service(Http11Processor.java:390)
		at org.apache.coyote.AbstractProcessorLight.process(AbstractProcessorLight.java:63)
		at org.apache.coyote.AbstractProtocol$ConnectionHandler.process(AbstractProtocol.java:928)
		at org.apache.tomcat.util.net.NioEndpoint$SocketProcessor.doRun(NioEndpoint.java:1794)
		at org.apache.tomcat.util.net.SocketProcessorBase.run(SocketProcessorBase.java:52)
		at org.apache.tomcat.util.threads.ThreadPoolExecutor.runWorker(ThreadPoolExecutor.java:1191)
		at org.apache.tomcat.util.threads.ThreadPoolExecutor$Worker.run(ThreadPoolExecutor.java:659)
		at org.apache.tomcat.util.threads.TaskThread$WrappingRunnable.run(TaskThread.java:61)
		at java.base/java.lang.Thread.run(Thread.java:1583)
